The List of Excluded Files
Excluded files	 Exclusion Message ID	 Reason For Exclusion	 Exclusion Rule
/usr/local/MATLAB/R2014a/toolbox/shared/controllib/engine/+ltipack/@PIDTuningData/PIDTuningData.p	MATLAB:Completion:ExcludedBy	Cannot be packaged for use in the target environment MCR. Removed from the parts list by license Compiler.	toolbox/compiler
/usr/local/MATLAB/R2014a/toolbox/shared/controllib/engine/+ltipack/@PIDTuningData/private/augmentZPK.p	MATLAB:Completion:ExcludedBy	Cannot be packaged for use in the target environment MCR. Removed from the parts list by license Compiler.	toolbox/compiler
/usr/local/MATLAB/R2014a/toolbox/shared/controllib/engine/+ltipack/@PIDTuningData/private/checkOL.p	MATLAB:Completion:ExcludedBy	Cannot be packaged for use in the target environment MCR. Removed from the parts list by license Compiler.	toolbox/compiler
/usr/local/MATLAB/R2014a/toolbox/shared/controllib/engine/+ltipack/@PIDTuningData/private/checkValidPIDSTD.p	MATLAB:Completion:ExcludedBy	Cannot be packaged for use in the target environment MCR. Removed from the parts list by license Compiler.	toolbox/compiler
/usr/local/MATLAB/R2014a/toolbox/shared/controllib/engine/+ltipack/@PIDTuningData/private/getTuningParams.p	MATLAB:Completion:ExcludedBy	Cannot be packaged for use in the target environment MCR. Removed from the parts list by license Compiler.	toolbox/compiler
/usr/local/MATLAB/R2014a/toolbox/shared/controllib/engine/+ltipack/@PIDTuningData/private/tuneGain.p	MATLAB:Completion:ExcludedBy	Cannot be packaged for use in the target environment MCR. Removed from the parts list by license Compiler.	toolbox/compiler
/usr/local/MATLAB/R2014a/toolbox/shared/controllib/engine/+ltipack/@PIDTuningData/private/tuneWC.p	MATLAB:Completion:ExcludedBy	Cannot be packaged for use in the target environment MCR. Removed from the parts list by license Compiler.	toolbox/compiler
/usr/local/MATLAB/R2014a/toolbox/shared/controllib/engine/+ltipack/@PIDTuningData/private/tuneZ.p	MATLAB:Completion:ExcludedBy	Cannot be packaged for use in the target environment MCR. Removed from the parts list by license Compiler.	toolbox/compiler
/usr/local/MATLAB/R2014a/toolbox/shared/controllib/engine/+ltipack/@PIDTuningData/private/tuneZ2.p	MATLAB:Completion:ExcludedBy	Cannot be packaged for use in the target environment MCR. Removed from the parts list by license Compiler.	toolbox/compiler
/usr/local/MATLAB/R2014a/toolbox/shared/controllib/engine/+ltipack/@PIDTuningData/private/tuneZ2P.p	MATLAB:Completion:ExcludedBy	Cannot be packaged for use in the target environment MCR. Removed from the parts list by license Compiler.	toolbox/compiler
/usr/local/MATLAB/R2014a/toolbox/shared/controllib/engine/+ltipack/@PIDTuningData/private/tuneZP.p	MATLAB:Completion:ExcludedBy	Cannot be packaged for use in the target environment MCR. Removed from the parts list by license Compiler.	toolbox/compiler
/usr/local/MATLAB/R2014a/toolbox/shared/controllib/engine/+ltipack/@PIDTuningData/PIDTuningData.p	MATLAB:Completion:ExcludedBy	Cannot be packaged for use in the target environment MCR. Removed from the parts list by license Compiler.	toolbox/compiler
/usr/local/MATLAB/R2014a/toolbox/shared/controllib/engine/+ltipack/@PIDTuningData/private/augmentZPK.p	MATLAB:Completion:ExcludedBy	Cannot be packaged for use in the target environment MCR. Removed from the parts list by license Compiler.	toolbox/compiler
/usr/local/MATLAB/R2014a/toolbox/shared/controllib/engine/+ltipack/@PIDTuningData/private/checkOL.p	MATLAB:Completion:ExcludedBy	Cannot be packaged for use in the target environment MCR. Removed from the parts list by license Compiler.	toolbox/compiler
/usr/local/MATLAB/R2014a/toolbox/shared/controllib/engine/+ltipack/@PIDTuningData/private/checkValidPIDSTD.p	MATLAB:Completion:ExcludedBy	Cannot be packaged for use in the target environment MCR. Removed from the parts list by license Compiler.	toolbox/compiler
/usr/local/MATLAB/R2014a/toolbox/shared/controllib/engine/+ltipack/@PIDTuningData/private/getTuningParams.p	MATLAB:Completion:ExcludedBy	Cannot be packaged for use in the target environment MCR. Removed from the parts list by license Compiler.	toolbox/compiler
/usr/local/MATLAB/R2014a/toolbox/shared/controllib/engine/+ltipack/@PIDTuningData/private/tuneGain.p	MATLAB:Completion:ExcludedBy	Cannot be packaged for use in the target environment MCR. Removed from the parts list by license Compiler.	toolbox/compiler
/usr/local/MATLAB/R2014a/toolbox/shared/controllib/engine/+ltipack/@PIDTuningData/private/tuneWC.p	MATLAB:Completion:ExcludedBy	Cannot be packaged for use in the target environment MCR. Removed from the parts list by license Compiler.	toolbox/compiler
/usr/local/MATLAB/R2014a/toolbox/shared/controllib/engine/+ltipack/@PIDTuningData/private/tuneZ.p	MATLAB:Completion:ExcludedBy	Cannot be packaged for use in the target environment MCR. Removed from the parts list by license Compiler.	toolbox/compiler
/usr/local/MATLAB/R2014a/toolbox/shared/controllib/engine/+ltipack/@PIDTuningData/private/tuneZ2.p	MATLAB:Completion:ExcludedBy	Cannot be packaged for use in the target environment MCR. Removed from the parts list by license Compiler.	toolbox/compiler
/usr/local/MATLAB/R2014a/toolbox/shared/controllib/engine/+ltipack/@PIDTuningData/private/tuneZ2P.p	MATLAB:Completion:ExcludedBy	Cannot be packaged for use in the target environment MCR. Removed from the parts list by license Compiler.	toolbox/compiler
/usr/local/MATLAB/R2014a/toolbox/shared/controllib/engine/+ltipack/@PIDTuningData/private/tuneZP.p	MATLAB:Completion:ExcludedBy	Cannot be packaged for use in the target environment MCR. Removed from the parts list by license Compiler.	toolbox/compiler
